
; 64tass Turbo Assembler Macro V1.58.2974? listing file
; 64tass "-D MONITOR_ADDRESS=\$E000" "-D LOCKOUT_ADDRESS=\$F000" "-D BASIC_ADDRESS=\$34000" "-D SOURCE_ADDRESS=\$28000" "-D SPRITE_ADDRESS=\$30000" "-D LTILEMAP_ADDRESS=\$24000" "-D LTILEIMAGES_ADDRESS=\$26000" -q -c -b -o lockout.rom -L output/lockout.lst src/lockout.asm
; Fri Feb 17 16:22:51 2023

;Offset	;Hex		;Monitor	;Source

;******  Command line definitions

=$e000					 MONITOR_ADDRESS=$E000
=$f000					 LOCKOUT_ADDRESS=$F000
=$34000					 BASIC_ADDRESS=$34000
=$28000					 SOURCE_ADDRESS=$28000
=$30000					 SPRITE_ADDRESS=$30000
=$24000					 LTILEMAP_ADDRESS=$24000
=$26000					 LTILEIMAGES_ADDRESS=$26000

;******  Processing input file: src/lockout.asm

.f000					NMIHandler:
.f000					IRQHandler:
.f000	40		rti				rti
.f001					SystemReset:
.f001	4c 01 f0	jmp $f001			jmp 	SystemReset
>fffa	00 f0					.word 	NMIHandler                       	; nmi ($FFFA)
>fffc	01 f0					.word 	SystemReset                         ; reset ($FFFC)
>fffe	00 f0					.word 	IRQHandler                          ; irq ($FFFE)

;******  End of listing
